<?xml version="1.0" encoding="UTF-8"?>
<!-- Generated by org.testng.reporters.JUnitReportReporter -->
<testsuite hostname="WINGB185152-1SG" name="blazedemo.HomePage" tests="4" failures="0" timestamp="1 Jun 2021 09:35:40 GMT" time="7.109" errors="0">
  <testcase name="verifyBasePageNavigation" time="4.679" classname="blazedemo.HomePage"/>
  <testcase name="verifyBooking" time="1.146" classname="blazedemo.HomePage"/>
  <testcase name="verifyCitySelection" time="0.656" classname="blazedemo.HomePage"/>
  <testcase name="verifyFlightSelection" time="0.628" classname="blazedemo.HomePage"/>
</testsuite> <!-- blazedemo.HomePage -->
